[2017-09-13 15:27:57.174] [INFO] debug - Object DataType create success!
[2017-09-17 13:49:32.456] [INFO] debug - dataType.js: Object DataType create success!
[2017-09-27 17:30:26.095] [INFO] debug - datatype.js: Object NodeType create success!
[2017-09-30 02:03:27.254] [INFO] debug - datatype.js: Object NodeType create success!
[2017-10-05 11:49:02.459] [INFO] debug - filter.js: Object Filters create success!
[2017-10-06 10:54:15.580] [INFO] debug - filter.js: Object Filters create success!
[2017-10-06 10:54:15.591] [INFO] debug - datatype.js: Object NodeType create success!
[2017-10-06 11:01:40.881] [INFO] debug - datatype.js: Object NodeType create success!
[2017-10-06 11:01:41.614] [INFO] debug - filter.js: Object Filters create success!
[2017-10-07 10:25:42.804] [INFO] debug - filter.js: Object Filters create success!
[2017-10-08 17:40:10.555] [INFO] debug - datatype.js: Object NodeType create success!
[2017-10-08 19:16:13.404] [INFO] debug - datatype.js: Object NodeType create success!
[2017-10-08 19:16:13.437] [INFO] debug - filter.js: Object Filters create success!
[2017-10-08 19:24:52.137] [INFO] debug - datatype.js: Object NodeType create success!
[2017-10-08 19:24:52.838] [INFO] debug - filter.js: Object Filters create success!
[2017-10-08 19:31:49.323] [INFO] debug - filter.js: Object Filters create success!
[2017-10-08 19:31:49.329] [INFO] debug - datatype.js: Object NodeType create success!
[2017-10-08 19:47:43.033] [INFO] debug - filter.js: Object Filters create success!
[2017-10-08 19:47:43.038] [INFO] debug - datatype.js: Object NodeType create success!
[2017-10-08 19:50:05.490] [INFO] debug - news_node.js: Object NewsNode create success!
[2017-10-12 15:40:03.097] [INFO] debug - news_node.js: Object NewsNode create success!
[2017-10-12 15:40:03.797] [INFO] debug - datatype.js: Object NodeType create success!
[2017-10-12 16:17:50.562] [INFO] debug - news_node.js: Object NewsNode create success!
[2017-10-12 16:17:50.587] [INFO] debug - datatype.js: Object NodeType create success!
[2017-10-12 16:40:59.396] [INFO] debug - filter.js: Object Filters create success!
[2017-10-12 16:40:59.403] [INFO] debug - datatype.js: Object NodeType create success!
[2017-10-12 16:40:59.404] [INFO] debug - news_node.js: Object NewsNode create success!
[2017-10-13 15:21:07.871] [INFO] debug - Filter.js: Object Filters create success!
[2017-10-13 15:21:07.878] [INFO] debug - news_node.js: Object NewsNode create success!
[2017-10-13 15:21:07.879] [INFO] debug - datatype.js: Object NodeType create success!
[2017-10-13 15:42:59.627] [INFO] debug - Filter.js: Object Filters create success!
[2017-10-13 15:42:59.633] [INFO] debug - datatype.js: Object NodeType create success!
[2017-10-13 15:42:59.634] [INFO] debug - news_node.js: Object NewsNode create success!
[2017-10-16 10:51:36.476] [INFO] debug - datatype.js: Object NodeType create success!
[2017-10-16 10:51:36.498] [INFO] debug - news_node.js: Object NewsNode create success!
[2017-10-16 10:51:37.123] [INFO] debug - Filter.js: Object Filters create success!
[2017-10-16 11:17:39.842] [INFO] debug - datatype.js: Object NodeType create success!
[2017-10-16 11:17:40.499] [INFO] debug - news_node.js: Object NewsNode create success!
[2017-10-16 11:17:40.624] [INFO] debug - Filter.js: Object Filters create success!
[2017-10-16 11:21:01.909] [INFO] debug - Filter.js: Object Filters create success!
[2017-10-16 11:21:01.917] [INFO] debug - datatype.js: Object NodeType create success!
[2017-10-16 11:21:01.918] [INFO] debug - news_node.js: Object NewsNode create success!
[2017-10-16 11:23:19.695] [INFO] debug - Filter.js: Object Filters create success!
[2017-10-16 11:23:19.701] [INFO] debug - datatype.js: Object NodeType create success!
[2017-10-16 11:23:19.702] [INFO] debug - news_node.js: Object NewsNode create success!
[2017-10-16 11:24:32.418] [INFO] debug - Filter.js: Object Filters create success!
[2017-10-16 11:24:32.428] [INFO] debug - news_node.js: Object NewsNode create success!
[2017-10-16 11:24:32.430] [INFO] debug - datatype.js: Object NodeType create success!
[2017-10-16 11:32:23.300] [INFO] debug - datatype.js: Object NodeType create success!
[2017-10-16 11:32:23.305] [INFO] debug - Filter.js: Object Filters create success!
[2017-10-16 11:32:23.307] [INFO] debug - news_node.js: Object NewsNode create success!
[2017-10-16 14:02:59.264] [INFO] debug - datatype.js: Object NodeType create success!
[2017-10-20 00:23:06.390] [INFO] debug - datatype.js: Object NodeType create success!
[2017-10-20 00:23:06.404] [INFO] debug - news_node.js: Object NewsNode create success!
[2017-10-20 00:23:06.432] [INFO] debug - Filter.js: Object Filters create success!
[2017-10-20 00:27:09.326] [INFO] debug - Filter.js: Object Filters create success!
[2017-10-20 00:30:01.121] [INFO] debug - Filter.js: Object Filters create success!
[2017-10-20 00:39:54.731] [INFO] debug - datatype.js: Object NodeType create success!
[2017-10-20 00:39:55.408] [INFO] debug - news_node.js: Object NewsNode create success!
[2017-10-20 00:39:55.410] [INFO] debug - Filter.js: Object Filters create success!
[2017-10-20 09:29:39.415] [INFO] debug - datatype.js: Object NodeType create success!
[2017-10-20 09:29:39.440] [INFO] debug - news_node.js: Object NewsNode create success!
[2017-10-20 09:29:39.482] [INFO] debug - Filter.js: Object Filters create success!
[2017-10-20 10:04:57.609] [INFO] debug - Filter.js: Object Filters create success!
[2017-10-20 14:07:40.325] [INFO] debug - datatype.js: Object NodeType create success!
[2017-10-20 14:07:40.348] [INFO] debug - news_node.js: Object NewsNode create success!
[2017-10-20 14:07:40.378] [INFO] debug - Filter.js: Object Filters create success!
[2017-10-23 15:23:19.613] [INFO] debug - datatype.js: Object NodeType create success!
[2017-10-23 15:23:19.950] [INFO] debug - news_node.js: Object NewsNode create success!
[2017-10-23 15:23:19.951] [INFO] debug - Filter.js: Object Filters create success!
[2017-10-24 17:21:31.574] [INFO] debug - Filter.js: Object Filters create success!
[2017-10-24 17:21:31.578] [INFO] debug - datatype.js: Object NodeType create success!
[2017-10-24 17:21:31.579] [INFO] debug - news_node.js: Object NewsNode create success!
[2017-10-31 10:48:31.220] [INFO] debug - datatype.js: Object NodeType create success!
[2017-10-31 10:48:31.224] [INFO] debug - Filter.js: Object Filters create success!
[2017-10-31 10:48:31.226] [INFO] debug - news_node.js: Object NewsNode create success!
[2017-10-31 11:23:16.361] [INFO] debug - Filter.js: Object Filters create success!
[2017-10-31 12:02:38.121] [INFO] debug - datatype.js: Object NodeType create success!
[2017-10-31 12:02:38.124] [INFO] debug - Filter.js: Object Filters create success!
[2017-10-31 12:02:38.125] [INFO] debug - news_node.js: Object NewsNode create success!
[2017-11-01 17:46:58.223] [INFO] debug - news_node.js: Object NewsNode create success!
[2017-11-01 17:46:58.225] [INFO] debug - datatype.js: Object NodeType create success!
[2017-11-01 17:46:58.226] [INFO] debug - Filter.js: Object Filters create success!
[2017-11-13 00:25:01.926] [INFO] debug - datatype.js: Object NodeType create success!
[2017-11-13 00:25:01.930] [INFO] debug - Filter.js: Object Filters create success!
[2017-11-13 12:22:36.528] [INFO] debug - datatype.js: Object NodeType create success!
[2017-11-13 12:22:36.532] [INFO] debug - Filter.js: Object Filters create success!
[2017-11-13 13:37:08.941] [INFO] debug - Filter.js: Object Filters create success!
[2017-11-13 13:39:46.308] [INFO] debug - Filter.js: Object Filters create success!
[2017-11-13 13:48:24.536] [INFO] debug - datatype.js: Object NodeType create success!
[2017-11-13 13:48:24.579] [INFO] debug - Filter.js: Object Filters create success!
[2017-11-13 13:57:54.569] [INFO] debug - Filter.js: Object Filters create success!
[2017-11-13 13:59:31.130] [INFO] debug - Filter.js: Object Filters create success!
[2017-11-13 15:46:33.260] [INFO] debug - Filter.js: Object Filters create success!
[2017-11-13 17:00:45.725] [INFO] debug - Filter.js: Object Filters create success!
[2017-11-13 17:10:38.374] [INFO] debug - Filter.js: Object Filters create success!
[2017-11-13 17:45:08.568] [INFO] debug - Filter.js: Object Filters create success!
